<?xml version="1.0" encoding="UTF-8"?>
<!-- Generated by org.testng.reporters.JUnitXMLReporter -->
<testsuite ignored="0" hostname="DESKTOP-2SA0BMJ" failures="0" tests="6" name="Surefire test" time="0.095" errors="0" timestamp="2024-09-23T18:32:17 CEST">
  <testcase classname="dragan.MavenProjectSection35.Appium_Test" name="NativeAPpAndroid" time="0.006"/>
  <testcase classname="dragan.MavenProjectSection35.Appium_Test" name="iOSApps" time="0.001"/>
  <testcase classname="dragan.MavenProjectSection35.RestAssured_Test$RestAPI_Test" name="deleteTwitter" time="0.001"/>
  <testcase classname="dragan.MavenProjectSection35.RestAssured_Test$RestAPI_Test" name="postJira" time="0.001"/>
  <testcase classname="dragan.MavenProjectSection35.Selenium_Test" name="browserAutomation" time="0.001"/>
  <testcase classname="dragan.MavenProjectSection35.Selenium_Test" name="elementUI" time="0.0"/>
</testsuite> <!-- Surefire test -->
