<?xml version="1.0" encoding="UTF-8"?>
<!-- Generated by org.testng.reporters.JUnitXMLReporter -->
<testsuite ignored="0" hostname="Envy" failures="0" tests="3" name="Default test" time="0.071" errors="0" timestamp="2024-09-24T15:45:33 CEST">
  <testcase classname="dragan.MavenProjectSection35.Selenium_Test" name="browserAutomation" time="0.009"/>
  <testcase classname="dragan.MavenProjectSection35.Selenium_Test" name="elementUI" time="0.002"/>
  <testcase classname="dragan.MavenProjectSection35.Selenium_Test" name="footerTest" time="0.003"/>
</testsuite> <!-- Default test -->
