<?xml version="1.0" encoding="UTF-8"?>
<!-- Generated by org.testng.reporters.JUnitXMLReporter -->
<testsuite ignored="0" hostname="DESKTOP-2SA0BMJ" failures="0" tests="4" name="Test" time="0.052" errors="0" timestamp="2024-09-23T09:35:49 CEST">
  <testcase classname="dragan.MavenProjectSection35.Selenium_Test" name="browserAutomation" time="0.008"/>
  <testcase classname="dragan.MavenProjectSection35.Selenium_Test" name="elementUI" time="0.001"/>
  <testcase classname="dragan.MavenProjectSection35.Appium_Test" name="NativeAPpAndroid" time="0.001"/>
  <testcase classname="dragan.MavenProjectSection35.Appium_Test" name="iOSApps" time="0.001"/>
</testsuite> <!-- Test -->
