<?xml version="1.0" encoding="UTF-8"?>
<testng-results ignored="0" total="3" passed="3" failed="0" skipped="0">
  <reporter-output>
  </reporter-output>
  <suite started-at="2024-09-24T15:45:33 CEST" name="Default suite" finished-at="2024-09-24T15:45:33 CEST" duration-ms="71">
    <groups>
    </groups>
    <test started-at="2024-09-24T15:45:33 CEST" name="Default test" finished-at="2024-09-24T15:45:33 CEST" duration-ms="71">
      <class name="dragan.MavenProjectSection35.Selenium_Test">
        <test-method signature="browserAutomation()[pri:0, instance:dragan.MavenProjectSection35.Selenium_Test@7714e963]" started-at="2024-09-24T15:45:33 CEST" name="browserAutomation" finished-at="2024-09-24T15:45:33 CEST" duration-ms="9" status="PASS">
          <reporter-output>
          </reporter-output>
        </test-method> <!-- browserAutomation -->
        <test-method signature="elementUI()[pri:0, instance:dragan.MavenProjectSection35.Selenium_Test@7714e963]" started-at="2024-09-24T15:45:33 CEST" name="elementUI" finished-at="2024-09-24T15:45:33 CEST" duration-ms="2" status="PASS">
          <reporter-output>
          </reporter-output>
        </test-method> <!-- elementUI -->
        <test-method signature="footerTest()[pri:0, instance:dragan.MavenProjectSection35.Selenium_Test@7714e963]" started-at="2024-09-24T15:45:33 CEST" name="footerTest" finished-at="2024-09-24T15:45:33 CEST" duration-ms="3" status="PASS">
          <reporter-output>
          </reporter-output>
        </test-method> <!-- footerTest -->
      </class> <!-- dragan.MavenProjectSection35.Selenium_Test -->
    </test> <!-- Default test -->
  </suite> <!-- Default suite -->
</testng-results>
