<?xml version="1.0" encoding="UTF-8"?>
<testng-results ignored="0" total="4" passed="4" failed="0" skipped="0">
  <reporter-output>
  </reporter-output>
  <suite started-at="2024-09-23T09:35:49 CEST" name="Suite" finished-at="2024-09-23T09:35:49 CEST" duration-ms="52">
    <groups>
    </groups>
    <test started-at="2024-09-23T09:35:49 CEST" name="Test" finished-at="2024-09-23T09:35:49 CEST" duration-ms="52">
      <class name="dragan.MavenProjectSection35.Appium_Test">
        <test-method signature="NativeAPpAndroid()[pri:0, instance:dragan.MavenProjectSection35.Appium_Test@61862a7f]" started-at="2024-09-23T09:35:49 CEST" name="NativeAPpAndroid" finished-at="2024-09-23T09:35:49 CEST" duration-ms="1" status="PASS">
          <reporter-output>
          </reporter-output>
        </test-method> <!-- NativeAPpAndroid -->
        <test-method signature="iOSApps()[pri:0, instance:dragan.MavenProjectSection35.Appium_Test@61862a7f]" started-at="2024-09-23T09:35:49 CEST" name="iOSApps" finished-at="2024-09-23T09:35:49 CEST" duration-ms="1" status="PASS">
          <reporter-output>
          </reporter-output>
        </test-method> <!-- iOSApps -->
      </class> <!-- dragan.MavenProjectSection35.Appium_Test -->
      <class name="dragan.MavenProjectSection35.Selenium_Test">
        <test-method signature="browserAutomation()[pri:0, instance:dragan.MavenProjectSection35.Selenium_Test@393671df]" started-at="2024-09-23T09:35:49 CEST" name="browserAutomation" finished-at="2024-09-23T09:35:49 CEST" duration-ms="8" status="PASS">
          <reporter-output>
          </reporter-output>
        </test-method> <!-- browserAutomation -->
        <test-method signature="elementUI()[pri:0, instance:dragan.MavenProjectSection35.Selenium_Test@393671df]" started-at="2024-09-23T09:35:49 CEST" name="elementUI" finished-at="2024-09-23T09:35:49 CEST" duration-ms="1" status="PASS">
          <reporter-output>
          </reporter-output>
        </test-method> <!-- elementUI -->
      </class> <!-- dragan.MavenProjectSection35.Selenium_Test -->
    </test> <!-- Test -->
  </suite> <!-- Suite -->
</testng-results>
